INFO: [VRFC 10-2263] Analyzing Verilog file "C:/vini_dir/vini_snn/vini_snn.gen/sources_1/ip/clk_wiz_0/clk_wiz_0_clk_wiz.v" into library xil_defaultlib
INFO: [VRFC 10-311] analyzing module clk_wiz_0_clk_wiz
INFO: [VRFC 10-2263] Analyzing Verilog file "C:/vini_dir/vini_snn/vini_snn.gen/sources_1/ip/clk_wiz_0/clk_wiz_0.v" into library xil_defaultlib
INFO: [VRFC 10-311] analyzing module clk_wiz_0
INFO: [VRFC 10-2263] Analyzing Verilog file "C:/vini_dir/vini_snn/vini_snn.srcs/sources_1/new/generic_rom.v" into library xil_defaultlib
INFO: [VRFC 10-311] analyzing module generic_rom
INFO: [VRFC 10-2263] Analyzing Verilog file "C:/vini_dir/vini_snn/vini_snn.srcs/sources_1/new/lif_neuron.v" into library xil_defaultlib
INFO: [VRFC 10-311] analyzing module lif_neuron
INFO: [VRFC 10-2263] Analyzing Verilog file "C:/vini_dir/vini_snn/vini_snn.srcs/sources_1/new/mac_unit.v" into library xil_defaultlib
INFO: [VRFC 10-311] analyzing module mac_unit
INFO: [VRFC 10-2263] Analyzing Verilog file "C:/vini_dir/vini_snn/vini_snn.srcs/sources_1/new/snn_core.v" into library xil_defaultlib
INFO: [VRFC 10-311] analyzing module snn_core
INFO: [VRFC 10-2263] Analyzing Verilog file "C:/vini_dir/vini_snn/vini_snn.srcs/sources_1/new/snn_layer.v" into library xil_defaultlib
INFO: [VRFC 10-311] analyzing module snn_layer
INFO: [VRFC 10-2263] Analyzing Verilog file "C:/vini_dir/vini_snn/vini_snn.srcs/sources_1/new/top_snn.v" into library xil_defaultlib
INFO: [VRFC 10-311] analyzing module top_snn
INFO: [VRFC 10-2263] Analyzing Verilog file "C:/vini_dir/Keyword_Spotter/Keyword_Spotter.srcs/sources_1/new/uart_rx1.v" into library xil_defaultlib
INFO: [VRFC 10-311] analyzing module uart_rx
INFO: [VRFC 10-2263] Analyzing Verilog file "C:/vini_dir/Keyword_Spotter/Keyword_Spotter.srcs/sources_1/new/uart_tx1.v" into library xil_defaultlib
INFO: [VRFC 10-311] analyzing module uart_tx
INFO: [VRFC 10-2263] Analyzing Verilog file "C:/vini_dir/vini_snn/vini_snn.srcs/sim_1/new/tb_snn_debug.v" into library xil_defaultlib
INFO: [VRFC 10-311] analyzing module tb_snn_debug
